open supabase\.temp\profile: O sistema n├úo pode encontrar o arquivo especificado.
Loading project ref from file: supabase\.temp\project-ref
Resolved DNS: [2600:1f16:1cd0:330a:2581:58f:44f1:5101]:5432
Initialising login role...
Using access token for profile: supabase
Supabase CLI 2.76.16
Using profile: supabase (supabase.co)
Connecting to remote database...
2026/03/04 15:24:38 PG Send: {"Type":"StartupMessage","ProtocolVersion":196608,"Parameters":{"database":"postgres","user":"cli_login_postgres"}}
2026/03/04 15:24:38 PG Recv: {"Type":"AuthenticationSASL","AuthMechanisms":["SCRAM-SHA-256"]}
2026/03/04 15:24:38 PG Send: {"Type":"SASLInitialResponse","AuthMechanism":"SCRAM-SHA-256","Data":"n,,n=,r=99fx3MGSAA6lBUdl9pXGzBrZ"}
2026/03/04 15:24:38 PG Recv: {"Type":"AuthenticationSASLContinue","Data":"r=99fx3MGSAA6lBUdl9pXGzBrZ6dJ7Gv0MyVbUHUelhsjNTezL,s=Q2n0PkSL6GNPltDIrODEJQ==,i=4096"}
2026/03/04 15:24:38 PG Send: {"Type":"SASLResponse","Data":"c=biws,r=99fx3MGSAA6lBUdl9pXGzBrZ6dJ7Gv0MyVbUHUelhsjNTezL,p=2XLXg2y4Vm0aCVFvbdBvPbtMbyceDqGhVOOWZ15bagw="}
2026/03/04 15:24:38 PG Recv: {"Type":"AuthenticationSASLFinal","Data":"v=DYEihG/PcUq/6GZE3+QEJ8k254Vl4G+7vHoDiWUlDOQ="}
2026/03/04 15:24:38 PG Recv: {"Type":"AuthenticationOK"}
2026/03/04 15:24:38 PG Recv: {"Type":"ParameterStatus","Name":"in_hot_standby","Value":"off"}
2026/03/04 15:24:38 PG Recv: {"Type":"ParameterStatus","Name":"integer_datetimes","Value":"on"}
2026/03/04 15:24:38 PG Recv: {"Type":"ParameterStatus","Name":"TimeZone","Value":"UTC"}
2026/03/04 15:24:38 PG Recv: {"Type":"ParameterStatus","Name":"IntervalStyle","Value":"postgres"}
2026/03/04 15:24:38 PG Recv: {"Type":"ParameterStatus","Name":"is_superuser","Value":"off"}
2026/03/04 15:24:38 PG Recv: {"Type":"ParameterStatus","Name":"application_name","Value":""}
2026/03/04 15:24:38 PG Recv: {"Type":"ParameterStatus","Name":"default_transaction_read_only","Value":"off"}
2026/03/04 15:24:38 PG Recv: {"Type":"ParameterStatus","Name":"scram_iterations","Value":"4096"}
2026/03/04 15:24:38 PG Recv: {"Type":"ParameterStatus","Name":"DateStyle","Value":"ISO, MDY"}
2026/03/04 15:24:38 PG Recv: {"Type":"ParameterStatus","Name":"standard_conforming_strings","Value":"on"}
2026/03/04 15:24:38 PG Recv: {"Type":"ParameterStatus","Name":"session_authorization","Value":"cli_login_postgres"}
2026/03/04 15:24:38 PG Recv: {"Type":"ParameterStatus","Name":"client_encoding","Value":"UTF8"}
2026/03/04 15:24:38 PG Recv: {"Type":"ParameterStatus","Name":"server_version","Value":"17.6"}
2026/03/04 15:24:38 PG Recv: {"Type":"ParameterStatus","Name":"server_encoding","Value":"UTF8"}
2026/03/04 15:24:38 PG Recv: {"Type":"BackendKeyData","ProcessID":411030,"SecretKey":3480874381}
2026/03/04 15:24:38 PG Recv: {"Type":"ReadyForQuery","TxStatus":"I"}
2026/03/04 15:24:38 PG Send: {"Type":"Query","String":"SET SESSION ROLE postgres"}
2026/03/04 15:24:38 PG Recv: {"Type":"CommandComplete","CommandTag":"SET"}
2026/03/04 15:24:38 PG Recv: {"Type":"ReadyForQuery","TxStatus":"I"}
2026/03/04 15:24:38 PG Send: {"Type":"Parse","Name":"lrupsc_1_0","Query":"SELECT version FROM supabase_migrations.schema_migrations ORDER BY version","ParameterOIDs":null}
2026/03/04 15:24:38 PG Send: {"Type":"Describe","ObjectType":"S","Name":"lrupsc_1_0"}
2026/03/04 15:24:38 PG Send: {"Type":"Sync"}
2026/03/04 15:24:39 PG Recv: {"Type":"ParseComplete"}
2026/03/04 15:24:39 PG Recv: {"Type":"ParameterDescription","ParameterOIDs":[]}
2026/03/04 15:24:39 PG Recv: {"Type":"RowDescription","Fields":[{"Name":"version","TableOID":18659,"TableAttributeNumber":1,"DataTypeOID":25,"DataTypeSize":-1,"TypeModifier":-1,"Format":0}]}
2026/03/04 15:24:39 PG Recv: {"Type":"ReadyForQuery","TxStatus":"I"}
2026/03/04 15:24:39 PG Send: {"Type":"Bind","DestinationPortal":"","PreparedStatement":"lrupsc_1_0","ParameterFormatCodes":null,"Parameters":[],"ResultFormatCodes":[0]}
2026/03/04 15:24:39 PG Send: {"Type":"Describe","ObjectType":"P","Name":""}
2026/03/04 15:24:39 PG Send: {"Type":"Execute","Portal":"","MaxRows":0}
2026/03/04 15:24:39 PG Send: {"Type":"Sync"}
2026/03/04 15:24:39 PG Recv: {"Type":"BindComplete"}
2026/03/04 15:24:39 PG Recv: {"Type":"RowDescription","Fields":[{"Name":"version","TableOID":18659,"TableAttributeNumber":1,"DataTypeOID":25,"DataTypeSize":-1,"TypeModifier":-1,"Format":0}]}
2026/03/04 15:24:39 PG Recv: {"Type":"DataRow","Values":[{"text":"20260224"}]}
2026/03/04 15:24:39 PG Recv: {"Type":"DataRow","Values":[{"text":"20260225"}]}
2026/03/04 15:24:39 PG Recv: {"Type":"CommandComplete","CommandTag":"SELECT 2"}
2026/03/04 15:24:39 PG Recv: {"Type":"ReadyForQuery","TxStatus":"I"}
Remote database is up to date.
2026/03/04 15:24:39 PG Send: {"Type":"Terminate"}
