open supabase\.temp\profile: O sistema n├úo pode encontrar o arquivo especificado.
Loading project ref from file: supabase\.temp\project-ref
Resolved DNS: [2600:1f16:1cd0:330a:2581:58f:44f1:5101]:5432
Initialising login role...
Using access token for profile: supabase
Supabase CLI 2.76.16
Using profile: supabase (supabase.co)
Connecting to remote database...
2026/03/04 15:22:15 PG Send: {"Type":"StartupMessage","ProtocolVersion":196608,"Parameters":{"database":"postgres","user":"cli_login_postgres"}}
2026/03/04 15:22:16 PG Recv: {"Type":"AuthenticationSASL","AuthMechanisms":["SCRAM-SHA-256"]}
2026/03/04 15:22:16 PG Send: {"Type":"SASLInitialResponse","AuthMechanism":"SCRAM-SHA-256","Data":"n,,n=,r=bFeZ6HRAS852RbGY13GPWBaL"}
2026/03/04 15:22:16 PG Recv: {"Type":"AuthenticationSASLContinue","Data":"r=bFeZ6HRAS852RbGY13GPWBaLZWd7FT7fRkHM2/a6XR0pALJr,s=ys++lPXsNhcos7ldRYj+vg==,i=4096"}
2026/03/04 15:22:16 PG Send: {"Type":"SASLResponse","Data":"c=biws,r=bFeZ6HRAS852RbGY13GPWBaLZWd7FT7fRkHM2/a6XR0pALJr,p=bLuHvIJJ7ETK5IM9GTk+J8r5SX+2K4fB8okJKAnv9+g="}
2026/03/04 15:22:16 PG Recv: {"Type":"AuthenticationSASLFinal","Data":"v=K6MaFsrE4+wLSArsYYjYFy4W0Znf557yWzN9VAiPi5c="}
2026/03/04 15:22:16 PG Recv: {"Type":"AuthenticationOK"}
2026/03/04 15:22:16 PG Recv: {"Type":"ParameterStatus","Name":"in_hot_standby","Value":"off"}
2026/03/04 15:22:16 PG Recv: {"Type":"ParameterStatus","Name":"integer_datetimes","Value":"on"}
2026/03/04 15:22:16 PG Recv: {"Type":"ParameterStatus","Name":"TimeZone","Value":"UTC"}
2026/03/04 15:22:16 PG Recv: {"Type":"ParameterStatus","Name":"IntervalStyle","Value":"postgres"}
2026/03/04 15:22:16 PG Recv: {"Type":"ParameterStatus","Name":"is_superuser","Value":"off"}
2026/03/04 15:22:16 PG Recv: {"Type":"ParameterStatus","Name":"application_name","Value":""}
2026/03/04 15:22:16 PG Recv: {"Type":"ParameterStatus","Name":"default_transaction_read_only","Value":"off"}
2026/03/04 15:22:16 PG Recv: {"Type":"ParameterStatus","Name":"scram_iterations","Value":"4096"}
2026/03/04 15:22:16 PG Recv: {"Type":"ParameterStatus","Name":"DateStyle","Value":"ISO, MDY"}
2026/03/04 15:22:16 PG Recv: {"Type":"ParameterStatus","Name":"standard_conforming_strings","Value":"on"}
2026/03/04 15:22:16 PG Recv: {"Type":"ParameterStatus","Name":"session_authorization","Value":"cli_login_postgres"}
2026/03/04 15:22:16 PG Recv: {"Type":"ParameterStatus","Name":"client_encoding","Value":"UTF8"}
2026/03/04 15:22:16 PG Recv: {"Type":"ParameterStatus","Name":"server_version","Value":"17.6"}
2026/03/04 15:22:16 PG Recv: {"Type":"ParameterStatus","Name":"server_encoding","Value":"UTF8"}
2026/03/04 15:22:16 PG Recv: {"Type":"BackendKeyData","ProcessID":410993,"SecretKey":2293429656}
2026/03/04 15:22:16 PG Recv: {"Type":"ReadyForQuery","TxStatus":"I"}
2026/03/04 15:22:16 PG Send: {"Type":"Query","String":"SET SESSION ROLE postgres"}
2026/03/04 15:22:16 PG Recv: {"Type":"CommandComplete","CommandTag":"SET"}
2026/03/04 15:22:16 PG Recv: {"Type":"ReadyForQuery","TxStatus":"I"}
2026/03/04 15:22:16 PG Send: {"Type":"Parse","Name":"lrupsc_1_0","Query":"SELECT version FROM supabase_migrations.schema_migrations ORDER BY version","ParameterOIDs":null}
2026/03/04 15:22:16 PG Send: {"Type":"Describe","ObjectType":"S","Name":"lrupsc_1_0"}
2026/03/04 15:22:16 PG Send: {"Type":"Sync"}
2026/03/04 15:22:16 PG Recv: {"Type":"ParseComplete"}
2026/03/04 15:22:16 PG Recv: {"Type":"ParameterDescription","ParameterOIDs":[]}
2026/03/04 15:22:16 PG Recv: {"Type":"RowDescription","Fields":[{"Name":"version","TableOID":18659,"TableAttributeNumber":1,"DataTypeOID":25,"DataTypeSize":-1,"TypeModifier":-1,"Format":0}]}
2026/03/04 15:22:16 PG Recv: {"Type":"ReadyForQuery","TxStatus":"I"}
2026/03/04 15:22:16 PG Send: {"Type":"Bind","DestinationPortal":"","PreparedStatement":"lrupsc_1_0","ParameterFormatCodes":null,"Parameters":[],"ResultFormatCodes":[0]}
2026/03/04 15:22:16 PG Send: {"Type":"Describe","ObjectType":"P","Name":""}
2026/03/04 15:22:16 PG Send: {"Type":"Execute","Portal":"","MaxRows":0}
2026/03/04 15:22:16 PG Send: {"Type":"Sync"}
2026/03/04 15:22:16 PG Recv: {"Type":"BindComplete"}
2026/03/04 15:22:16 PG Recv: {"Type":"RowDescription","Fields":[{"Name":"version","TableOID":18659,"TableAttributeNumber":1,"DataTypeOID":25,"DataTypeSize":-1,"TypeModifier":-1,"Format":0}]}
2026/03/04 15:22:16 PG Recv: {"Type":"DataRow","Values":[{"text":"20260224"}]}
2026/03/04 15:22:16 PG Recv: {"Type":"DataRow","Values":[{"text":"20260225"}]}
2026/03/04 15:22:16 PG Recv: {"Type":"CommandComplete","CommandTag":"SELECT 2"}
2026/03/04 15:22:16 PG Recv: {"Type":"ReadyForQuery","TxStatus":"I"}
Do you want to push these migrations to the remote database?
 ÔÇó 20260225_add_stations_code.sql

 [Y/n] 2026/03/04 15:22:33 PG Send: {"Type":"Parse","Name":"","Query":"SET lock_timeout = '4s'","ParameterOIDs":null}
2026/03/04 15:22:33 PG Send: {"Type":"Bind","DestinationPortal":"","PreparedStatement":"","ParameterFormatCodes":null,"Parameters":[],"ResultFormatCodes":[]}
2026/03/04 15:22:33 PG Send: {"Type":"Describe","ObjectType":"P","Name":""}
2026/03/04 15:22:33 PG Send: {"Type":"Execute","Portal":"","MaxRows":0}
2026/03/04 15:22:33 PG Send: {"Type":"Parse","Name":"","Query":"CREATE SCHEMA IF NOT EXISTS supabase_migrations","ParameterOIDs":null}
2026/03/04 15:22:33 PG Send: {"Type":"Bind","DestinationPortal":"","PreparedStatement":"","ParameterFormatCodes":null,"Parameters":[],"ResultFormatCodes":[]}
2026/03/04 15:22:33 PG Send: {"Type":"Describe","ObjectType":"P","Name":""}
2026/03/04 15:22:33 PG Send: {"Type":"Execute","Portal":"","MaxRows":0}
2026/03/04 15:22:33 PG Send: {"Type":"Parse","Name":"","Query":"CREATE TABLE IF NOT EXISTS supabase_migrations.schema_migrations (version text NOT NULL PRIMARY KEY)","ParameterOIDs":null}
2026/03/04 15:22:33 PG Send: {"Type":"Bind","DestinationPortal":"","PreparedStatement":"","ParameterFormatCodes":null,"Parameters":[],"ResultFormatCodes":[]}
2026/03/04 15:22:33 PG Send: {"Type":"Describe","ObjectType":"P","Name":""}
2026/03/04 15:22:33 PG Send: {"Type":"Execute","Portal":"","MaxRows":0}
2026/03/04 15:22:33 PG Send: {"Type":"Parse","Name":"","Query":"ALTER TABLE supabase_migrations.schema_migrations ADD COLUMN IF NOT EXISTS statements text[]","ParameterOIDs":null}
2026/03/04 15:22:33 PG Send: {"Type":"Bind","DestinationPortal":"","PreparedStatement":"","ParameterFormatCodes":null,"Parameters":[],"ResultFormatCodes":[]}
2026/03/04 15:22:33 PG Send: {"Type":"Describe","ObjectType":"P","Name":""}
2026/03/04 15:22:33 PG Send: {"Type":"Execute","Portal":"","MaxRows":0}
2026/03/04 15:22:33 PG Send: {"Type":"Parse","Name":"","Query":"ALTER TABLE supabase_migrations.schema_migrations ADD COLUMN IF NOT EXISTS name text","ParameterOIDs":null}
2026/03/04 15:22:33 PG Send: {"Type":"Bind","DestinationPortal":"","PreparedStatement":"","ParameterFormatCodes":null,"Parameters":[],"ResultFormatCodes":[]}
2026/03/04 15:22:33 PG Send: {"Type":"Describe","ObjectType":"P","Name":""}
2026/03/04 15:22:33 PG Send: {"Type":"Execute","Portal":"","MaxRows":0}
2026/03/04 15:22:33 PG Send: {"Type":"Sync"}
2026/03/04 15:22:33 PG Recv: {"Type":"ParseComplete"}
2026/03/04 15:22:33 PG Recv: {"Type":"BindComplete"}
2026/03/04 15:22:33 PG Recv: {"Type":"NoData"}
2026/03/04 15:22:33 PG Recv: {"Type":"CommandComplete","CommandTag":"SET"}
2026/03/04 15:22:33 PG Recv: {"Type":"ParseComplete"}
2026/03/04 15:22:33 PG Recv: {"Type":"BindComplete"}
2026/03/04 15:22:33 PG Recv: {"Type":"NoData"}
2026/03/04 15:22:33 PG Recv: {"Severity":"NOTICE","SeverityUnlocalized":"NOTICE","Code":"42P06","Message":"schema \"supabase_migrations\" already exists, skipping","Detail":"","Hint":"","Position":0,"InternalPosition":0,"InternalQuery":"","Where":"","SchemaName":"","TableName":"","ColumnName":"","DataTypeName":"","ConstraintName":"","File":"schemacmds.c","Line":132,"Routine":"CreateSchemaCommand","UnknownFields":null}
2026/03/04 15:22:33 PG Recv: {"Type":"CommandComplete","CommandTag":"CREATE SCHEMA"}
2026/03/04 15:22:33 PG Recv: {"Type":"ParseComplete"}
2026/03/04 15:22:33 PG Recv: {"Type":"BindComplete"}
2026/03/04 15:22:33 PG Recv: {"Type":"NoData"}
2026/03/04 15:22:33 PG Recv: {"Severity":"NOTICE","SeverityUnlocalized":"NOTICE","Code":"42P07","Message":"relation \"schema_migrations\" already exists, skipping","Detail":"","Hint":"","Position":0,"InternalPosition":0,"InternalQuery":"","Where":"","SchemaName":"","TableName":"","ColumnName":"","DataTypeName":"","ConstraintName":"","File":"parse_utilcmd.c","Line":207,"Routine":"transformCreateStmt","UnknownFields":null}
2026/03/04 15:22:33 PG Recv: {"Type":"CommandComplete","CommandTag":"CREATE TABLE"}
2026/03/04 15:22:33 PG Recv: {"Type":"ParseComplete"}
2026/03/04 15:22:33 PG Recv: {"Type":"BindComplete"}
2026/03/04 15:22:33 PG Recv: {"Type":"NoData"}
2026/03/04 15:22:33 PG Recv: {"Severity":"NOTICE","SeverityUnlocalized":"NOTICE","Code":"42701","Message":"column \"statements\" of relation \"schema_migrations\" already exists, skipping","Detail":"","Hint":"","Position":0,"InternalPosition":0,"InternalQuery":"","Where":"","SchemaName":"","TableName":"","ColumnName":"","DataTypeName":"","ConstraintName":"","File":"tablecmds.c","Line":7471,"Routine":"check_for_column_name_collision","UnknownFields":null}
2026/03/04 15:22:33 PG Recv: {"Type":"CommandComplete","CommandTag":"ALTER TABLE"}
2026/03/04 15:22:33 PG Recv: {"Type":"ParseComplete"}
2026/03/04 15:22:33 PG Recv: {"Type":"BindComplete"}
2026/03/04 15:22:33 PG Recv: {"Type":"NoData"}
2026/03/04 15:22:33 PG Recv: {"Severity":"NOTICE","SeverityUnlocalized":"NOTICE","Code":"42701","Message":"column \"name\" of relation \"schema_migrations\" already exists, skipping","Detail":"","Hint":"","Position":0,"InternalPosition":0,"InternalQuery":"","Where":"","SchemaName":"","TableName":"","ColumnName":"","DataTypeName":"","ConstraintName":"","File":"tablecmds.c","Line":7471,"Routine":"check_for_column_name_collision","UnknownFields":null}
2026/03/04 15:22:33 PG Recv: {"Type":"CommandComplete","CommandTag":"ALTER TABLE"}
2026/03/04 15:22:33 PG Recv: {"Type":"ReadyForQuery","TxStatus":"I"}
Applying migration 20260225_add_stations_code.sql...
2026/03/04 15:22:33 PG Send: {"Type":"Query","String":"RESET ALL"}
2026/03/04 15:22:33 PG Recv: {"Type":"CommandComplete","CommandTag":"RESET"}
2026/03/04 15:22:33 PG Recv: {"Type":"ReadyForQuery","TxStatus":"I"}
2026/03/04 15:22:33 PG Send: {"Type":"Parse","Name":"","Query":"alter table public.stations\nadd column if not exists code text","ParameterOIDs":null}
2026/03/04 15:22:33 PG Send: {"Type":"Bind","DestinationPortal":"","PreparedStatement":"","ParameterFormatCodes":null,"Parameters":[],"ResultFormatCodes":[]}
2026/03/04 15:22:33 PG Send: {"Type":"Describe","ObjectType":"P","Name":""}
2026/03/04 15:22:33 PG Send: {"Type":"Execute","Portal":"","MaxRows":0}
2026/03/04 15:22:33 PG Send: {"Type":"Parse","Name":"","Query":"create unique index if not exists ux_stations_code\non public.stations (code)","ParameterOIDs":null}
2026/03/04 15:22:33 PG Send: {"Type":"Bind","DestinationPortal":"","PreparedStatement":"","ParameterFormatCodes":null,"Parameters":[],"ResultFormatCodes":[]}
2026/03/04 15:22:33 PG Send: {"Type":"Describe","ObjectType":"P","Name":""}
2026/03/04 15:22:33 PG Send: {"Type":"Execute","Portal":"","MaxRows":0}
2026/03/04 15:22:33 PG Send: {"Type":"Parse","Name":"","Query":"INSERT INTO supabase_migrations.schema_migrations(version, name, statements) VALUES($1, $2, $3)","ParameterOIDs":[25,25,1009]}
2026/03/04 15:22:33 PG Send: {"Type":"Bind","DestinationPortal":"","PreparedStatement":"","ParameterFormatCodes":[0,0,1],"Parameters":[{"text":"20260225"},{"text":"add_stations_code"},{"binary":"00000001000000000000001900000002000000010000003e616c746572207461626c65207075626c69632e73746174696f6e730a61646420636f6c756d6e206966206e6f742065786973747320636f646520746578740000004c63726561746520756e6971756520696e646578206966206e6f74206578697374732075785f73746174696f6e735f636f64650a6f6e207075626c69632e73746174696f6e732028636f646529"}],"ResultFormatCodes":[]}
2026/03/04 15:22:33 PG Send: {"Type":"Describe","ObjectType":"P","Name":""}
2026/03/04 15:22:33 PG Send: {"Type":"Execute","Portal":"","MaxRows":0}
2026/03/04 15:22:33 PG Send: {"Type":"Sync"}
2026/03/04 15:22:34 PG Recv: {"Type":"ParseComplete"}
2026/03/04 15:22:34 PG Recv: {"Type":"BindComplete"}
2026/03/04 15:22:34 PG Recv: {"Type":"NoData"}
2026/03/04 15:22:34 PG Recv: {"Severity":"NOTICE","SeverityUnlocalized":"NOTICE","Code":"42701","Message":"column \"code\" of relation \"stations\" already exists, skipping","Detail":"","Hint":"","Position":0,"InternalPosition":0,"InternalQuery":"","Where":"","SchemaName":"","TableName":"","ColumnName":"","DataTypeName":"","ConstraintName":"","File":"tablecmds.c","Line":7471,"Routine":"check_for_column_name_collision","UnknownFields":null}
NOTICE (42701): column "code" of relation "stations" already exists, skipping
2026/03/04 15:22:34 PG Recv: {"Type":"CommandComplete","CommandTag":"ALTER TABLE"}
2026/03/04 15:22:34 PG Recv: {"Type":"ParseComplete"}
2026/03/04 15:22:34 PG Recv: {"Type":"BindComplete"}
2026/03/04 15:22:34 PG Recv: {"Type":"NoData"}
2026/03/04 15:22:34 PG Recv: {"Severity":"NOTICE","SeverityUnlocalized":"NOTICE","Code":"42P07","Message":"relation \"ux_stations_code\" already exists, skipping","Detail":"","Hint":"","Position":0,"InternalPosition":0,"InternalQuery":"","Where":"","SchemaName":"","TableName":"","ColumnName":"","DataTypeName":"","ConstraintName":"","File":"index.c","Line":889,"Routine":"index_create","UnknownFields":null}
NOTICE (42P07): relation "ux_stations_code" already exists, skipping
2026/03/04 15:22:34 PG Recv: {"Type":"CommandComplete","CommandTag":"CREATE INDEX"}
2026/03/04 15:22:34 PG Recv: {"Type":"ParseComplete"}
2026/03/04 15:22:34 PG Recv: {"Type":"BindComplete"}
2026/03/04 15:22:34 PG Recv: {"Type":"NoData"}
2026/03/04 15:22:34 PG Recv: {"Type":"ErrorResponse","Severity":"ERROR","SeverityUnlocalized":"ERROR","Code":"23505","Message":"duplicate key value violates unique constraint \"schema_migrations_pkey\"","Detail":"Key (version)=(20260225) already exists.","Hint":"","Position":0,"InternalPosition":0,"InternalQuery":"","Where":"","SchemaName":"supabase_migrations","TableName":"schema_migrations","ColumnName":"","DataTypeName":"","ConstraintName":"schema_migrations_pkey","File":"nbtinsert.c","Line":666,"Routine":"_bt_check_unique","UnknownFields":null}
2026/03/04 15:22:34 PG Recv: {"Type":"ReadyForQuery","TxStatus":"I"}
2026/03/04 15:22:34 PG Send: {"Type":"Terminate"}
ERROR: duplicate key value violates unique constraint "schema_migrations_pkey" (SQLSTATE 23505)
Key (version)=(20260225) already exists.                                                       
At statement: 2                                                                                
INSERT INTO supabase_migrations.schema_migrations(version, name, statements) VALUES($1, $2, $3)
